<?xml version="1.0" encoding="UTF-8"?>
<!-- Generated by org.testng.reporters.JUnitXMLReporter -->
<testsuite hostname="DESKTOP-VTBT3RG" ignored="0" name="Test" tests="3" failures="0" timestamp="2023-12-02T15:15:48 IST" time="38.094" errors="0">
  <testcase name="ValidSearch" time="15.52" classname="Testcase.MakeMyTripSearchTestcase"/>
  <testcase name="ValidSearch" time="7.183" classname="Testcase.MakeMyTripSearchTestcase"/>
  <testcase name="ValidSearch" time="6.771" classname="Testcase.MakeMyTripSearchTestcase"/>
</testsuite> <!-- Test -->
