<?xml version="1.0" encoding="UTF-8"?>
<!-- Generated by org.testng.reporters.JUnitXMLReporter -->
<testsuite hostname="DESKTOP-VTBT3RG" ignored="0" name="Test" tests="1" failures="1" timestamp="2023-11-26T15:23:30 IST" time="21.577" errors="0">
  <testcase name="ValidSearch" time="13.175" classname="Testcase.MakeMyTripSearchTestcase">
    <failure type="java.lang.AssertionError" message="expected [Flights from Chennai to Pune] but found [Flights from Chennai to Bengaluru]">
      <![CDATA[java.lang.AssertionError: expected [Flights from Chennai to Pune] but found [Flights from Chennai to Bengaluru]
at Testcase.MakeMyTripSearchTestcase.ValidSearch(MakeMyTripSearchTestcase.java:81)
at java.util.ArrayList.forEach(ArrayList.java:1259)
... Removed 33 stack frames]]>
    </failure>
  </testcase> <!-- ValidSearch -->
</testsuite> <!-- Test -->
