<?xml version="1.0" encoding="UTF-8"?>
<testng-results skipped="0" failed="0" ignored="0" total="3" passed="3">
  <reporter-output>
  </reporter-output>
  <suite name="Suite" duration-ms="38094" started-at="2023-12-02T15:15:10 IST" finished-at="2023-12-02T15:15:48 IST">
    <groups>
    </groups>
    <test name="Test" duration-ms="38094" started-at="2023-12-02T15:15:10 IST" finished-at="2023-12-02T15:15:48 IST">
      <class name="Testcase.MakeMyTripSearchTestcase">
        <test-method status="PASS" signature="LaunchBrowsers()[pri:0, instance:Testcase.MakeMyTripSearchTestcase@4524411f]" name="LaunchBrowsers" is-config="true" duration-ms="5327" started-at="2023-12-02T15:15:05 IST" finished-at="2023-12-02T15:15:10 IST">
          <reporter-output>
          </reporter-output>
        </test-method> <!-- LaunchBrowsers -->
        <test-method status="PASS" signature="CloseADDs()[pri:0, instance:Testcase.MakeMyTripSearchTestcase@4524411f]" name="CloseADDs" is-config="true" duration-ms="8346" started-at="2023-12-02T15:15:10 IST" finished-at="2023-12-02T15:15:19 IST">
          <reporter-output>
          </reporter-output>
        </test-method> <!-- CloseADDs -->
        <test-method status="PASS" signature="ValidSearch(java.lang.String,java.lang.String,java.lang.String)[pri:0, instance:Testcase.MakeMyTripSearchTestcase@4524411f]" name="ValidSearch" duration-ms="15520" started-at="2023-12-02T15:15:19 IST" data-provider="Search" finished-at="2023-12-02T15:15:34 IST">
          <params>
            <param index="0">
              <value>
                <![CDATA[MAA]]>
              </value>
            </param>
            <param index="1">
              <value>
                <![CDATA[PNQ]]>
              </value>
            </param>
            <param index="2">
              <value>
                <![CDATA[20]]>
              </value>
            </param>
          </params>
          <reporter-output>
          </reporter-output>
        </test-method> <!-- ValidSearch -->
        <test-method status="PASS" signature="GetTestcaseStatus(org.testng.ITestResult)[pri:0, instance:Testcase.MakeMyTripSearchTestcase@4524411f]" name="GetTestcaseStatus" is-config="true" duration-ms="1" started-at="2023-12-02T15:15:34 IST" finished-at="2023-12-02T15:15:34 IST">
          <params>
            <param index="0">
              <value>
                <![CDATA[[TestResult name=ValidSearch status=SUCCESS method=MakeMyTripSearchTestcase.ValidSearch(java.lang.String,java.lang.String,java.lang.String)[pri:0, instance:Testcase.MakeMyTripSearchTestcase@4524411f] output={null}]]]>
              </value>
            </param>
          </params>
          <reporter-output>
          </reporter-output>
        </test-method> <!-- GetTestcaseStatus -->
        <test-method status="PASS" signature="ValidSearch(java.lang.String,java.lang.String,java.lang.String)[pri:0, instance:Testcase.MakeMyTripSearchTestcase@4524411f]" name="ValidSearch" duration-ms="7183" started-at="2023-12-02T15:15:34 IST" data-provider="Search" finished-at="2023-12-02T15:15:42 IST">
          <params>
            <param index="0">
              <value>
                <![CDATA[PNQ]]>
              </value>
            </param>
            <param index="1">
              <value>
                <![CDATA[BLR]]>
              </value>
            </param>
            <param index="2">
              <value>
                <![CDATA[14]]>
              </value>
            </param>
          </params>
          <reporter-output>
          </reporter-output>
        </test-method> <!-- ValidSearch -->
        <test-method status="PASS" signature="ValidSearch(java.lang.String,java.lang.String,java.lang.String)[pri:0, instance:Testcase.MakeMyTripSearchTestcase@4524411f]" name="ValidSearch" duration-ms="6771" started-at="2023-12-02T15:15:42 IST" data-provider="Search" finished-at="2023-12-02T15:15:48 IST">
          <params>
            <param index="0">
              <value>
                <![CDATA[BLR]]>
              </value>
            </param>
            <param index="1">
              <value>
                <![CDATA[MAA]]>
              </value>
            </param>
            <param index="2">
              <value>
                <![CDATA[28]]>
              </value>
            </param>
          </params>
          <reporter-output>
          </reporter-output>
        </test-method> <!-- ValidSearch -->
        <test-method status="PASS" signature="GetTestcaseStatus(org.testng.ITestResult)[pri:0, instance:Testcase.MakeMyTripSearchTestcase@4524411f]" name="GetTestcaseStatus" is-config="true" duration-ms="0" started-at="2023-12-02T15:15:42 IST" finished-at="2023-12-02T15:15:42 IST">
          <params>
            <param index="0">
              <value>
                <![CDATA[[TestResult name=ValidSearch status=SUCCESS method=MakeMyTripSearchTestcase.ValidSearch(java.lang.String,java.lang.String,java.lang.String)[pri:0, instance:Testcase.MakeMyTripSearchTestcase@4524411f] output={null}]]]>
              </value>
            </param>
          </params>
          <reporter-output>
          </reporter-output>
        </test-method> <!-- GetTestcaseStatus -->
        <test-method status="PASS" signature="GetTestcaseStatus(org.testng.ITestResult)[pri:0, instance:Testcase.MakeMyTripSearchTestcase@4524411f]" name="GetTestcaseStatus" is-config="true" duration-ms="1" started-at="2023-12-02T15:15:48 IST" finished-at="2023-12-02T15:15:48 IST">
          <params>
            <param index="0">
              <value>
                <![CDATA[[TestResult name=ValidSearch status=SUCCESS method=MakeMyTripSearchTestcase.ValidSearch(java.lang.String,java.lang.String,java.lang.String)[pri:0, instance:Testcase.MakeMyTripSearchTestcase@4524411f] output={null}]]]>
              </value>
            </param>
          </params>
          <reporter-output>
          </reporter-output>
        </test-method> <!-- GetTestcaseStatus -->
        <test-method status="PASS" signature="quitTheBrowser()[pri:0, instance:Testcase.MakeMyTripSearchTestcase@4524411f]" name="quitTheBrowser" is-config="true" duration-ms="1068" started-at="2023-12-02T15:15:48 IST" finished-at="2023-12-02T15:15:49 IST">
          <reporter-output>
          </reporter-output>
        </test-method> <!-- quitTheBrowser -->
      </class> <!-- Testcase.MakeMyTripSearchTestcase -->
    </test> <!-- Test -->
  </suite> <!-- Suite -->
</testng-results>
